<?xml version="1.0" encoding="UTF-8"?>
<testsuite name="com.example.librarymanager.controller.HelloControllerTest" tests="3" skipped="0" failures="0" errors="0" timestamp="2025-09-28T14:24:03.273Z" hostname="huachuannoMacBook-Air.local" time="0.002">
  <properties/>
  <testcase name="testHelloPage" classname="com.example.librarymanager.controller.HelloControllerTest" time="0.001"/>
  <testcase name="testHelloPageMultipleCalls" classname="com.example.librarymanager.controller.HelloControllerTest" time="0.0"/>
  <testcase name="testHelloPageReturnValue" classname="com.example.librarymanager.controller.HelloControllerTest" time="0.0"/>
  <system-out><![CDATA[]]></system-out>
  <system-err><![CDATA[]]></system-err>
</testsuite>
