<?xml version="1.0" encoding="UTF-8"?>
<testsuite name="com.example.librarymanager.model.HelloMessageTest" tests="10" skipped="0" failures="0" errors="0" timestamp="2025-09-28T14:24:03.282Z" hostname="huachuannoMacBook-Air.local" time="0.005">
  <properties/>
  <testcase name="testDefaultConstructor" classname="com.example.librarymanager.model.HelloMessageTest" time="0.0"/>
  <testcase name="testGetMessage" classname="com.example.librarymanager.model.HelloMessageTest" time="0.0"/>
  <testcase name="testGetMessageWithNull" classname="com.example.librarymanager.model.HelloMessageTest" time="0.0"/>
  <testcase name="testObjectIndependence" classname="com.example.librarymanager.model.HelloMessageTest" time="0.0"/>
  <testcase name="testParameterizedConstructor" classname="com.example.librarymanager.model.HelloMessageTest" time="0.001"/>
  <testcase name="testParameterizedConstructorWithNull" classname="com.example.librarymanager.model.HelloMessageTest" time="0.0"/>
  <testcase name="testSetAndGetMessageCombination" classname="com.example.librarymanager.model.HelloMessageTest" time="0.0"/>
  <testcase name="testSetMessage" classname="com.example.librarymanager.model.HelloMessageTest" time="0.0"/>
  <testcase name="testSetMessageWithEmptyString" classname="com.example.librarymanager.model.HelloMessageTest" time="0.001"/>
  <testcase name="testSetMessageWithNull" classname="com.example.librarymanager.model.HelloMessageTest" time="0.0"/>
  <system-out><![CDATA[]]></system-out>
  <system-err><![CDATA[]]></system-err>
</testsuite>
