<?xml version="1.0" encoding="UTF-8"?>
<testsuite name="com.example.librarymanager.service.HelloServiceTest" tests="4" skipped="0" failures="0" errors="0" timestamp="2025-09-28T14:24:03.287Z" hostname="huachuannoMacBook-Air.local" time="0.001">
  <properties/>
  <testcase name="testGetHelloMessage" classname="com.example.librarymanager.service.HelloServiceTest" time="0.0"/>
  <testcase name="testGetHelloMessageConsistency" classname="com.example.librarymanager.service.HelloServiceTest" time="0.0"/>
  <testcase name="testGetHelloMessageImmutability" classname="com.example.librarymanager.service.HelloServiceTest" time="0.0"/>
  <testcase name="testGetHelloMessageReturnType" classname="com.example.librarymanager.service.HelloServiceTest" time="0.0"/>
  <system-out><![CDATA[]]></system-out>
  <system-err><![CDATA[]]></system-err>
</testsuite>
