<?xml version="1.0" encoding="UTF-8"?>
<testsuite name="com.example.librarymanager.controller.HelloRestControllerTest" tests="4" skipped="0" failures="0" errors="0" timestamp="2025-09-28T14:24:03.276Z" hostname="huachuannoMacBook-Air.local" time="0.006">
  <properties/>
  <testcase name="testHelloApi" classname="com.example.librarymanager.controller.HelloRestControllerTest" time="0.004"/>
  <testcase name="testHelloApiHttpStatusCode" classname="com.example.librarymanager.controller.HelloRestControllerTest" time="0.0"/>
  <testcase name="testHelloApiMultipleCalls" classname="com.example.librarymanager.controller.HelloRestControllerTest" time="0.0"/>
  <testcase name="testHelloApiResponseStructure" classname="com.example.librarymanager.controller.HelloRestControllerTest" time="0.0"/>
  <system-out><![CDATA[]]></system-out>
  <system-err><![CDATA[]]></system-err>
</testsuite>
